{"level":"info","message":"User: AchyutSingh0797 Otp sent to your registered email","projectName":"projectOne"}
{"level":"info","message":"User: AchyutSingh0797 Otp sent to your registered email","projectName":"projectOne"}
{"level":"info","message":"User: AchyutSingh0797 Password reset successfully","projectName":"projectOne"}
{"level":"info","message":"User: AchyutSingh0797 unblocked due to multiple otp fail attempts","projectName":"projectOne"}
{"level":"info","message":"User: AchyutSingh0797 blocked due to multiple otp fail attempts","projectName":"projectOne"}
{"level":"info","message":"User: AchyutSingh0797 blocked due to multiple otp fail attempts","projectName":"projectOne"}
{"level":"info","message":"User: AchyutSingh0797 Otp sent to your registered email","projectName":"projectOne"}
{"level":"info","message":"User: AchyutSingh0797 Otp sent to your registered email","projectName":"projectOne"}
{"level":"info","message":"User: AchyutSingh0797 Otp sent to your registered email","projectName":"projectOne"}
{"level":"info","message":"User: AchyutSingh0797 Otp sent to your registered email","projectName":"projectOne"}
{"level":"info","message":"User: AchyutSingh0797 Password reset successfully","projectName":"projectOne"}
{"level":"info","message":"User: AchyutSingh0797 Password reset successfully","projectName":"projectOne"}
{"level":"info","message":"User: AchyutSingh0797 Password reset successfully","projectName":"projectOne"}
{"level":"info","message":"User: AchyutSingh0797 blocked due to multiple otp fail attempts","projectName":"projectOne"}
{"level":"info","message":"User: undefined does not exist","projectName":"projectOne"}
{"level":"info","message":"User: AchyutSingh0797 is blocked for password verification till Mon Mar 04 2024 02:32:22 GMT+0530 (India Standard Time)","projectName":"projectOne"}
{"level":"info","message":"User: AchyutSingh0797 is blocked for password verification till Mon Mar 04 2024 02:32:22 GMT+0530 (India Standard Time)","projectName":"projectOne"}
{"level":"info","message":"User: AchyutSingh0797 is blocked for password verification till Mon Mar 04 2024 02:32:22 GMT+0530 (India Standard Time)","projectName":"projectOne"}
{"level":"info","message":"User: AchyutSingh0797 is blocked for password verification till Mon Mar 04 2024 02:32:22 GMT+0530 (India Standard Time)","projectName":"projectOne"}
{"level":"info","message":"User: AchyutSingh0797 Otp sent to your registered email","projectName":"projectOne"}
{"level":"info","message":"User: AchyutSingh0797 Otp sent to your registered email","projectName":"projectOne"}
{"level":"info","message":"User: AchyutSingh0797 Otp sent to your registered email","projectName":"projectOne"}
{"level":"info","message":"User: AchyutSingh0797 Otp sent to your registered email","projectName":"projectOne"}
{"level":"info","message":"User: AchyutSingh0797 Otp sent to your registered email","projectName":"projectOne"}
{"level":"info","message":"User: AchyutSingh0797 Otp sent to your registered email","projectName":"projectOne"}
{"level":"info","message":"User: AchyutSingh0797 Otp sent to your registered email","projectName":"projectOne"}
{"level":"info","message":"User: AchyutSingh0797 Otp sent to your registered email","projectName":"projectOne"}
{"level":"info","message":"User: AchyutSingh0797 Otp sent to your registered email","projectName":"projectOne"}
{"level":"info","message":"User: AchyutSingh0797 Otp sent to your registered email","projectName":"projectOne"}
{"level":"info","message":"User: AchyutSingh0797 Otp sent to your registered email","projectName":"projectOne"}
{"level":"info","message":"User: AchyutSingh0797 Otp sent to your registered email","projectName":"projectOne"}
{"level":"info","message":"User: AchyutSingh0797 Otp sent to your registered email","projectName":"projectOne"}
{"level":"info","message":"User: AchyutSingh0797 Otp sent to your registered email","projectName":"projectOne"}
{"level":"info","message":"User: AchyutSingh0797 Otp sent to your registered email","projectName":"projectOne"}
{"level":"info","message":"User: AchyutSingh0797 is blocked for password verification till Sun Mar 03 2024 22:32:20 GMT+0530 (India Standard Time)","projectName":"projectOne"}
{"level":"info","message":"User: AchyutSingh0797 is blocked for password verification till Sun Mar 03 2024 22:32:20 GMT+0530 (India Standard Time)","projectName":"projectOne"}
{"level":"info","message":"User: AchyutSingh0797 is blocked for password verification till Sun Mar 03 2024 22:32:20 GMT+0530 (India Standard Time)","projectName":"projectOne"}
{"level":"info","message":"User: AchyutSingh0797 Otp sent to your registered email","projectName":"projectOne"}
{"level":"info","message":"User: AchyutSingh0797 Otp sent to your registered email","projectName":"projectOne"}
{"level":"info","message":"User: AchyutSingh0797 Otp sent to your registered email","projectName":"projectOne"}
{"level":"info","message":"User: AchyutSingh0797 Otp sent to your registered email","projectName":"projectOne"}
{"level":"info","message":"User: AchyutSingh0797 is blocked for password verification till Sun Mar 03 2024 22:33:30 GMT+0530 (India Standard Time)","projectName":"projectOne"}
{"level":"info","message":"User: AchyutSingh0797 is blocked for password verification till Sun Mar 03 2024 22:33:30 GMT+0530 (India Standard Time)","projectName":"projectOne"}
{"level":"info","message":"User: AchyutSingh0797 Otp sent to your registered email","projectName":"projectOne"}
{"level":"info","message":"User: AchyutSingh0797 Otp sent to your registered email","projectName":"projectOne"}
{"level":"info","message":"User: AchyutSingh0797 Otp sent to your registered email","projectName":"projectOne"}
{"level":"info","message":"User: AchyutSingh0797 blocked due to multiple otp fail attempts till 1709486432968","projectName":"projectOne"}
{"level":"info","message":"User: AchyutSingh0797 blocked due to multiple otp fail attempts till 1709486432968","projectName":"projectOne"}
{"level":"info","message":"User: AchyutSingh0797 is blocked for password verification till 1709486432968","projectName":"projectOne"}
{"level":"info","message":"User: AchyutSingh0797 Otp sent to your registered email","projectName":"projectOne"}
{"level":"info","message":"User: AchyutSingh0797 Otp sent to your registered email","projectName":"projectOne"}
{"level":"info","message":"User: AchyutSingh0797 Otp sent to your registered email","projectName":"projectOne"}
{"level":"info","message":"User: AchyutSingh0797 Otp sent to your registered email","projectName":"projectOne"}
{"level":"info","message":"User: AchyutSingh0797 is blocked for password verification till Sun Mar 03 2024 22:53:17 GMT+0530 (India Standard Time)","projectName":"projectOne"}
{"level":"info","message":"User: AchyutSingh0797 Otp sent to your registered email","projectName":"projectOne"}
{"level":"info","message":"User: AchyutSingh0797 blocked due to multiple otp fail attempts till Sun Mar 03 2024 22:53:46 GMT+0530 (India Standard Time)","projectName":"projectOne"}
{"level":"info","message":"User: AchyutSingh0797 blocked due to multiple otp fail attempts till Sun Mar 03 2024 22:53:46 GMT+0530 (India Standard Time)","projectName":"projectOne"}
{"level":"info","message":"User: AchyutSingh0797 Otp sent to your registered email","projectName":"projectOne"}
{"level":"info","message":"User: AchyutSingh0797 Password reset successfully","projectName":"projectOne"}
{"level":"info","message":"User: AchyutSingh0797 Otp sent to your registered email","projectName":"projectOne"}
